<?xml version="1.0" encoding="UTF-8"?>
<!-- Generated by org.testng.reporters.JUnitXMLReporter -->
<testsuite ignored="0" hostname="DESKTOP-R09RIE8" failures="0" tests="4" name="Booking API Tests" time="10.497" errors="0" timestamp="2026-02-20T14:37:54 ICT">
  <testcase classname="com.automation.tests.BookingTest" name="createBooking" time="1.962"/>
  <testcase classname="com.automation.tests.BookingTest" name="getBooking" time="2.267"/>
  <testcase classname="com.automation.tests.BookingTest" name="updateBooking" time="1.463"/>
  <testcase classname="com.automation.tests.BookingTest" name="deleteBooking" time="1.447"/>
</testsuite> <!-- Booking API Tests -->
