<?xml version="1.0" encoding="UTF-8"?>
<testsuite xmlns:xsi="http://www.w3.org/2001/XMLSchema-instance" xsi:noNamespaceSchemaLocation="https://maven.apache.org/surefire/maven-surefire-plugin/xsd/surefire-test-report-3.0.xsd" version="3.0" name="TestSuite" time="12.497" tests="4" errors="0" skipped="0" failures="0">
  <properties>
[...]
</properties>
  <testcase name="createBooking" classname="com.automation.tests.BookingTest" time="1.952">
    <system-out><![CDATA[14:37:43.193 [main] INFO  com.automation.utils.LogUtils - Initializing Automation Framework
14:37:43.643 [main] INFO  com.automation.utils.LogUtils - Base URI: https://restful-booker.herokuapp.com
14:37:43.643 [main] INFO  com.automation.utils.LogUtils - Base Path: 
14:37:43.643 [main] INFO  com.automation.utils.LogUtils - Starting Test Suite: Booking API Tests
14:37:43.699 [TestNG-test-Booking API Tests-1] INFO  com.automation.utils.LogUtils - POST Request: /auth
14:37:46.909 [TestNG-test-Booking API Tests-1] INFO  com.automation.utils.LogUtils - Token retrieved: 6a61137a8025644
14:37:46.928 [TestNG-test-Booking API Tests-1] INFO  com.automation.utils.LogUtils - Starting Test Method
14:37:47.005 [TestNG-test-Booking API Tests-1] INFO  com.automation.utils.LogUtils - Test Started: createBooking
14:37:47.027 [TestNG-test-Booking API Tests-1] INFO  com.automation.utils.LogUtils - Test: Create Booking
14:37:47.034 [TestNG-test-Booking API Tests-1] INFO  com.automation.utils.LogUtils - POST Request: /booking
14:37:48.959 [TestNG-test-Booking API Tests-1] INFO  com.automation.utils.LogUtils - Created Booking ID: 3629
]]></system-out>
  </testcase>
  <testcase name="getBooking" classname="com.automation.tests.BookingTest" time="2.268">
    <system-out><![CDATA[14:37:48.959 [TestNG-test-Booking API Tests-1] INFO  com.automation.utils.LogUtils - Test Passed: createBooking
14:37:48.959 [TestNG-test-Booking API Tests-1] INFO  com.automation.utils.LogUtils - Starting Test Method
14:37:48.959 [TestNG-test-Booking API Tests-1] INFO  com.automation.utils.LogUtils - Test Started: getBooking
14:37:48.959 [TestNG-test-Booking API Tests-1] INFO  com.automation.utils.LogUtils - Test: Get Booking 3629
14:37:48.959 [TestNG-test-Booking API Tests-1] INFO  com.automation.utils.LogUtils - GET Request: /booking/3629
]]></system-out>
  </testcase>
  <testcase name="updateBooking" classname="com.automation.tests.BookingTest" time="1.458">
    <system-out><![CDATA[14:37:51.227 [TestNG-test-Booking API Tests-1] INFO  com.automation.utils.LogUtils - Test Passed: getBooking
14:37:51.227 [TestNG-test-Booking API Tests-1] INFO  com.automation.utils.LogUtils - Starting Test Method
14:37:51.227 [TestNG-test-Booking API Tests-1] INFO  com.automation.utils.LogUtils - Test Started: updateBooking
14:37:51.227 [TestNG-test-Booking API Tests-1] INFO  com.automation.utils.LogUtils - Test: Update Booking 3629
14:37:51.232 [TestNG-test-Booking API Tests-1] INFO  com.automation.utils.LogUtils - PUT Request: /booking/3629
]]></system-out>
  </testcase>
  <testcase name="deleteBooking" classname="com.automation.tests.BookingTest" time="1.449">
    <system-out><![CDATA[14:37:52.690 [TestNG-test-Booking API Tests-1] INFO  com.automation.utils.LogUtils - Test Passed: updateBooking
14:37:52.690 [TestNG-test-Booking API Tests-1] INFO  com.automation.utils.LogUtils - Starting Test Method
14:37:52.690 [TestNG-test-Booking API Tests-1] INFO  com.automation.utils.LogUtils - Test Started: deleteBooking
14:37:52.690 [TestNG-test-Booking API Tests-1] INFO  com.automation.utils.LogUtils - Test: Delete Booking 3629
14:37:52.690 [TestNG-test-Booking API Tests-1] INFO  com.automation.utils.LogUtils - DELETE Request: /booking/3629
]]></system-out>
  </testcase>
</testsuite>