<?xml version="1.0" encoding="UTF-8"?>
<testng-results ignored="0" total="4" passed="4" failed="0" skipped="0">
  <reporter-output>
  </reporter-output>
  <suite started-at="2026-02-20T14:37:43 ICT" name="Regression Suite" finished-at="2026-02-20T14:37:54 ICT" duration-ms="10497">
    <groups>
    </groups>
    <test started-at="2026-02-20T14:37:43 ICT" name="Booking API Tests" finished-at="2026-02-20T14:37:54 ICT" duration-ms="10497">
      <class name="com.automation.tests.BookingTest">
        <test-method is-config="true" signature="beforeSuite()[pri:0, instance:com.automation.tests.BookingTest@64b70919]" started-at="2026-02-20T14:37:42 ICT" name="beforeSuite" finished-at="2026-02-20T14:37:43 ICT" duration-ms="1013" status="PASS">
          <reporter-output>
          </reporter-output>
        </test-method> <!-- beforeSuite -->
        <test-method is-config="true" signature="setup()[pri:0, instance:com.automation.tests.BookingTest@64b70919]" started-at="2026-02-20T14:37:43 ICT" name="setup" finished-at="2026-02-20T14:37:46 ICT" duration-ms="3250" status="PASS">
          <reporter-output>
          </reporter-output>
        </test-method> <!-- setup -->
        <test-method is-config="true" signature="beforeMethod()[pri:0, instance:com.automation.tests.BookingTest@64b70919]" started-at="2026-02-20T14:37:46 ICT" name="beforeMethod" finished-at="2026-02-20T14:37:46 ICT" duration-ms="1" status="PASS">
          <reporter-output>
          </reporter-output>
        </test-method> <!-- beforeMethod -->
        <test-method signature="createBooking()[pri:1, instance:com.automation.tests.BookingTest@64b70919]" started-at="2026-02-20T14:37:46 ICT" name="createBooking" finished-at="2026-02-20T14:37:48 ICT" duration-ms="1962" status="PASS">
          <reporter-output>
          </reporter-output>
        </test-method> <!-- createBooking -->
        <test-method signature="getBooking()[pri:2, instance:com.automation.tests.BookingTest@64b70919]" started-at="2026-02-20T14:37:48 ICT" name="getBooking" finished-at="2026-02-20T14:37:51 ICT" duration-ms="2267" status="PASS">
          <reporter-output>
          </reporter-output>
        </test-method> <!-- getBooking -->
        <test-method is-config="true" signature="beforeMethod()[pri:0, instance:com.automation.tests.BookingTest@64b70919]" started-at="2026-02-20T14:37:48 ICT" name="beforeMethod" finished-at="2026-02-20T14:37:48 ICT" duration-ms="0" status="PASS">
          <reporter-output>
          </reporter-output>
        </test-method> <!-- beforeMethod -->
        <test-method signature="updateBooking()[pri:3, instance:com.automation.tests.BookingTest@64b70919]" started-at="2026-02-20T14:37:51 ICT" name="updateBooking" finished-at="2026-02-20T14:37:52 ICT" duration-ms="1463" status="PASS">
          <reporter-output>
          </reporter-output>
        </test-method> <!-- updateBooking -->
        <test-method is-config="true" signature="beforeMethod()[pri:0, instance:com.automation.tests.BookingTest@64b70919]" started-at="2026-02-20T14:37:51 ICT" name="beforeMethod" finished-at="2026-02-20T14:37:51 ICT" duration-ms="0" status="PASS">
          <reporter-output>
          </reporter-output>
        </test-method> <!-- beforeMethod -->
        <test-method signature="deleteBooking()[pri:4, instance:com.automation.tests.BookingTest@64b70919]" started-at="2026-02-20T14:37:52 ICT" name="deleteBooking" finished-at="2026-02-20T14:37:54 ICT" duration-ms="1447" status="PASS">
          <reporter-output>
          </reporter-output>
        </test-method> <!-- deleteBooking -->
        <test-method is-config="true" signature="beforeMethod()[pri:0, instance:com.automation.tests.BookingTest@64b70919]" started-at="2026-02-20T14:37:52 ICT" name="beforeMethod" finished-at="2026-02-20T14:37:52 ICT" duration-ms="0" status="PASS">
          <reporter-output>
          </reporter-output>
        </test-method> <!-- beforeMethod -->
        <test-method is-config="true" signature="afterSuite()[pri:0, instance:com.automation.tests.BookingTest@64b70919]" started-at="2026-02-20T14:37:54 ICT" name="afterSuite" finished-at="2026-02-20T14:37:54 ICT" duration-ms="1" status="PASS">
          <reporter-output>
          </reporter-output>
        </test-method> <!-- afterSuite -->
      </class> <!-- com.automation.tests.BookingTest -->
    </test> <!-- Booking API Tests -->
  </suite> <!-- Regression Suite -->
</testng-results>
