<?xml version="1.0" encoding="UTF-8"?>
<!-- Generated by org.testng.reporters.JUnitReportReporter -->
<testsuite hostname="DESKTOP-R09RIE8" failures="0" tests="4" name="com.automation.tests.BookingTest" time="7.140" errors="0" timestamp="2026-02-20T14:37:54 ICT" skipped="0">
  <testcase classname="com.automation.tests.BookingTest" name="createBooking" time="1.962"/>
  <testcase classname="com.automation.tests.BookingTest" name="getBooking" time="2.267"/>
  <testcase classname="com.automation.tests.BookingTest" name="updateBooking" time="1.463"/>
  <testcase classname="com.automation.tests.BookingTest" name="deleteBooking" time="1.448"/>
</testsuite> <!-- com.automation.tests.BookingTest -->
